<?xml version="1.0" encoding="UTF-8"?>
<!-- Generated by org.testng.reporters.JUnitReportReporter -->
<testsuite hostname="Sushil" failures="0" tests="1" name="workingwithlist.categorylist" time="17.661" errors="0" timestamp="2023-09-05T12:26:41 IST" skipped="0">
  <testcase classname="workingwithlist.categorylist" name="bestsellerlist" time="17.661"/>
  <system-out/>
</testsuite> <!-- workingwithlist.categorylist -->
