<?xml version="1.0" encoding="UTF-8"?>
<!-- Generated by org.testng.reporters.JUnitReportReporter -->
<testsuite hostname="Sushil" failures="0" tests="1" name="workingwithlist.list" time="5.778" errors="0" timestamp="2023-08-14T10:11:54 IST" skipped="0">
  <testcase classname="workingwithlist.list" name="bestsellerlist" time="5.778"/>
  <system-out/>
</testsuite> <!-- workingwithlist.list -->
